<?xml version="1.0" encoding="UTF-8"?>
<!-- Generated by org.testng.reporters.JUnitReportReporter -->
<testsuite hostname="TestingWorld-PC" name="testing.TC_002" tests="1" failures="0" timestamp="25 Mar 2017 04:37:17 GMT" time="0.001" errors="0">
  <testcase name="tcae1" time="0.001" classname="testing.TC_002"/>
</testsuite> <!-- testing.TC_002 -->
