<?xml version="1.0" encoding="UTF-8"?>
<!-- Generated by org.testng.reporters.JUnitReportReporter -->
<testsuite hostname="TestingWorld-PC" name="testing.TC_001" tests="1" failures="0" timestamp="25 Mar 2017 04:38:29 GMT" time="0.015" errors="0">
  <testcase name="tcae1" time="0.015" classname="testing.TC_001"/>
</testsuite> <!-- testing.TC_001 -->
